2017-08-10 15:25:41,152 ERROR ElementOfPage  -     error: "http://startovaya-stranica-vkontakte.lifeevk.ru/" сan not be processed.
2017-08-10 15:32:20,520 ERROR ElementOfPage  -     error: "http://startovaya-stranica-vkontakte.lifeevk.ru/" сan not be processed.
2017-08-10 15:32:33,049 ERROR ElementOfPage  -     error: "http://livestreet.ru/blog/questions/12552.html" сan not be processed.
2017-08-10 15:32:33,865 ERROR ElementOfPage  -     error: "https://orbitum.com/ru/faq/" сan not be processed.
2017-08-10 15:37:53,233 ERROR ElementOfPage  -     error: "http://startovaya-stranica-vkontakte.lifeevk.ru/" сan not be processed.
2017-08-10 15:37:56,240 ERROR ElementOfPage  -     error: "http://secondgrodno.by/" сan not be processed.
2017-08-10 15:39:39,092 ERROR ElementOfPage  -     error: "http://startovaya-stranica-vkontakte.lifeevk.ru/" сan not be processed.
2017-08-10 15:40:17,039 ERROR ElementOfPage  -     error: "http://livestreet.ru/blog/questions/12552.html" сan not be processed.
2017-08-10 15:41:51,437 ERROR ElementOfPage  -     error: "https://m.vk.com/join" сan not be processed.
2017-08-10 15:42:27,438 ERROR ElementOfPage  -     error: "http://echo.msk.ru/auth/vkontakte" сan not be processed.
2017-08-10 15:44:04,690 ERROR ElementOfPage  -     error: "https://www.unian.net/politics/1927516-ukraintsev-ne-budut-nakazyivat-za-obhod-zapreta-vkontakte-i-odnoklassnikov-snbo.html" сan not be processed.
2017-08-10 15:44:11,990 ERROR ElementOfPage  -     error: "https://openyour.net/" сan not be processed.
2017-08-10 15:44:48,437 ERROR ElementOfPage  -     error: "http://sportgiant.net/auth/vkontakte" сan not be processed.
2017-08-10 15:46:34,759 ERROR ElementOfPage  -     error: "https://unotices.com/page-answer.php?id=51910" сan not be processed.
2017-08-10 15:48:01,937 ERROR ElementOfPage  -     error: "https://m.vk.com/login" сan not be processed.
2017-08-10 15:48:43,995 ERROR ElementOfPage  -     error: "http://avi1.ru/stati_dlya_razdelov/56_statej_v_kontakte/vkontakte_vhod_bez_parolya/" сan not be processed.
2017-08-10 15:48:46,836 ERROR ElementOfPage  -     error: "https://likest.ru/node/29" сan not be processed.
2017-08-10 15:49:47,720 ERROR ElementOfPage  -     error: "https://vkopt.net/forum/showthread.php?t=929" сan not be processed.
2017-08-10 15:51:42,187 ERROR ElementOfPage  -     error: "http://wpget.ru/kak-otvyazat-nomer-ot-stranicy-vkontakte.html" сan not be processed.
2017-08-10 15:51:52,079 ERROR ElementOfPage  -     error: "https://telonko.com/forum/topic2594" сan not be processed.
2017-08-10 15:52:59,437 ERROR ElementOfPage  -     error: "https://m.vk.com/login" сan not be processed.
2017-08-10 15:54:14,622 ERROR ElementOfPage  -     error: "http://sobot.ru.net/" сan not be processed.
2017-08-10 15:54:14,763 ERROR ElementOfPage  -     error: "https://brobot.ru/besplatnyie-programmyi-dlya-grupp-vkont/" сan not be processed.
2017-08-10 15:55:57,687 ERROR ElementOfPage  -     error: "http://m.vk.com/?ah=7NDeM4Yutd" сan not be processed.
2017-08-10 15:56:37,832 ERROR ElementOfPage  -     error: "http://cho-cho.ru/kak-udalit-soxranennyj-login-i-parol-vkontakte" сan not be processed.
2017-08-10 16:00:54,112 ERROR ElementOfPage  -     error: "http://youon.ru/%D0%9F%D1%80%D0%BE%D1%87%D0%B5%D0%B5/%D0%A1%D0%BE%D1%86-%D1%81%D0%B5%D1%82%D0%B8/%D0%92%D0%BA%D0%BE%D0%BD%D1%82%D0%B0%D0%BA%D1%82%D0%B5/kak-posmotret-daty-dnej-rozhdenij" сan not be processed.
2017-08-10 16:02:58,719 ERROR ElementOfPage  -     error: "http://samroid.ru/download.php?id=21" сan not be processed.
2017-08-10 16:03:34,741 ERROR ElementOfPage  -     error: "http://appnokia.net/vkontakte/" сan not be processed.
2017-08-10 16:04:12,832 ERROR ElementOfPage  -     error: "http://bachelorhood.ru/prostoy-sposob-ispravit-oshibku-pri-zagruzke-audiozapisi-proizoshla-oshibka-poprobuyte-obnovit-stranitsu/" сan not be processed.
2017-08-10 16:04:52,315 ERROR ElementOfPage  -     error: "https://yandex.ru/support/music/troubleshooting/problems.html" сan not be processed.
2017-08-10 16:06:58,851 ERROR ElementOfPage  -     error: "http://pctoall.ru/zashhita-i-bezopasnost/bezopasnost-v-internete/kak-zashhitit-stranicu-vkontakte-odnoklassniki-ot-vzloma.html" сan not be processed.
2017-08-10 16:08:52,899 ERROR ElementOfPage  -     error: "http://yurbol.ru/kak-udalit-stranicu-v-vkontakte-vk-esli-zabyl-login-i-parol/" сan not be processed.
2017-08-10 16:09:28,235 ERROR ElementOfPage  -     error: "https://voron-xak.ru/bezopasnist/menya-vzlomali-vkontakte-chto-delat.html" сan not be processed.
2017-08-10 16:11:46,649 ERROR ElementOfPage  -     error: "https://m.ok.ru/video/11951408583" сan not be processed.
2017-08-10 16:11:55,923 ERROR ElementOfPage  -     error: "http://kuzi-mar.narod.ru/" сan not be processed.
2017-08-10 16:16:23,241 ERROR ElementOfPage  -     error: "http://startovaya-stranica-vkontakte.lifeevk.ru/" сan not be processed.
2017-08-10 16:17:01,116 ERROR ElementOfPage  -     error: "http://forum.littleone.ru/showthread.php?t=6189015" сan not be processed.
2017-08-10 16:17:33,637 ERROR ElementOfPage  -     error: "http://livestreet.ru/blog/questions/12552.html" сan not be processed.
2017-08-10 16:18:09,794 ERROR ElementOfPage  -     error: "https://yandex.ru/support/common/browsers-settings/browsers-display-settings.html" сan not be processed.
2017-08-10 16:19:26,188 ERROR ElementOfPage  -     error: "https://m.vk.com/join" сan not be processed.
2017-08-10 16:19:58,938 ERROR ElementOfPage  -     error: "http://echo.msk.ru/auth/vkontakte" сan not be processed.
2017-08-10 16:21:48,402 ERROR ElementOfPage  -     error: "https://www.unian.net/politics/1927516-ukraintsev-ne-budut-nakazyivat-za-obhod-zapreta-vkontakte-i-odnoklassnikov-snbo.html" сan not be processed.
2017-08-10 16:21:52,755 ERROR ElementOfPage  -     error: "https://openyour.net/" сan not be processed.
2017-08-10 16:25:39,187 ERROR ElementOfPage  -     error: "https://m.vk.com/login" сan not be processed.
2017-08-10 16:26:13,706 ERROR ElementOfPage  -     error: "http://www.pc-pensioneru.ru/v-kontakte-kak-udalit-stranicu.htm" сan not be processed.
2017-08-10 16:26:49,615 ERROR ElementOfPage  -     error: "http://ktonanovenkogo.ru/voprosy-i-otvety/kak-vosstanovit-stranicu-v-kontakte-dostupa-udalenii-blokirovke.html" сan not be processed.
2017-08-10 16:29:13,944 ERROR ElementOfPage  -     error: "http://adne.info/kak-razblokirovat-stranitsu-vkontakte/" сan not be processed.
2017-08-10 16:31:26,028 ERROR ElementOfPage  -     error: "https://telonko.com/forum/topic2594" сan not be processed.
2017-08-10 16:33:38,937 ERROR ElementOfPage  -     error: "https://m.vk.com/login" сan not be processed.
2017-08-10 16:34:11,457 ERROR ElementOfPage  -     error: "http://vksetup.ru/page/kak-vostanovit-login-i-parol-vkontakte.html" сan not be processed.
2017-08-10 16:34:44,227 ERROR ElementOfPage  -     error: "http://ktonanovenkogo.ru/voprosy-i-otvety/kak-vosstanovit-stranicu-v-kontakte-dostupa-udalenii-blokirovke.html" сan not be processed.
2017-08-10 16:35:45,436 ERROR ElementOfPage  -     error: "https://brobot.ru/besplatnyie-programmyi-dlya-grupp-vkont/" сan not be processed.
2017-08-10 16:36:32,206 ERROR ElementOfPage  -     error: "https://texterra.ru/blog/konkursy-vkontakte-kak-poluchit-nuzhnye-rezultaty-i-ne-slovit-ban.html" сan not be processed.
2017-08-10 16:38:18,937 ERROR ElementOfPage  -     error: "http://m.vk.com/?ah=7NDeM4Yutd" сan not be processed.
2017-08-10 16:38:52,288 ERROR ElementOfPage  -     error: "http://forum.panzar.ru/viewtopic.php?f=23&t=10565" сan not be processed.
2017-08-10 16:39:58,946 ERROR ElementOfPage  -     error: "https://vaxter-vk.ru/" сan not be processed.
2017-08-10 16:43:52,174 ERROR ElementOfPage  -     error: "http://v-androide.com/instruktsii/dopolnitelno/kak-skachat-s-vk.html" сan not be processed.
2017-08-10 16:44:25,146 ERROR ElementOfPage  -     error: "https://forum.allnokia.ru/viewtopic.php?t=50826" сan not be processed.
2017-08-10 16:45:27,872 ERROR ElementOfPage  -     error: "http://bachelorhood.ru/prostoy-sposob-ispravit-oshibku-pri-zagruzke-audiozapisi-proizoshla-oshibka-poprobuyte-obnovit-stranitsu/" сan not be processed.
2017-08-10 16:46:10,665 ERROR ElementOfPage  -     error: "https://yandex.ru/support/music/troubleshooting/problems.html" сan not be processed.
2017-08-10 16:48:23,073 ERROR ElementOfPage  -     error: "http://xn--b1adtc4h.xn--p1ai/stati/9-chto-delat-esli-vzlomali-stranicu-v-vk.php" сan not be processed.
2017-08-10 16:48:25,378 ERROR ElementOfPage  -     error: "http://saveyou.ru/poleznoe/231-kak-zashhitit-svoyu-stranicu-v-kontakte-ot-vzloma.html" сan not be processed.
2017-08-10 16:50:11,134 ERROR ElementOfPage  -     error: "http://www.pc-pensioneru.ru/v-kontakte-kak-udalit-stranicu.htm" сan not be processed.
2017-08-10 16:51:15,863 ERROR ElementOfPage  -     error: "https://m.ok.ru/video/11951408583" сan not be processed.
2017-08-10 16:51:48,658 ERROR ElementOfPage  -     error: "http://firelinks.ru/socialnye-sety/436-kak-vosstanovit-stranitsu-v-kontakte.html" сan not be processed.
2017-08-10 16:51:53,486 ERROR ElementOfPage  -     error: "http://kuzi-mar.narod.ru/" сan not be processed.
2017-08-10 16:53:17,817 ERROR ElementOfPage  -     error: "http://jaykaysystems.com/pw/phone/%D1%87%D0%B5%D0%BC-%D1%81%D0%BA%D0%B0%D1%87%D0%B0%D1%82%D1%8C-%D0%BC%D1%83%D0%B7%D1%8B%D0%BA%D1%83-%D0%B8%D0%B7-%D0%B2%D0%BA%D0%BE%D0%BD%D1%82%D0%B0%D0%BA%D1%82%D0%B5-%D0%BD%D0%B0-sony.htm" сan not be processed.
2017-08-10 16:53:50,287 ERROR ElementOfPage  -     error: "http://shpargalkablog.ru/2012/03/404.html" сan not be processed.
2017-08-10 16:56:48,757 ERROR ElementOfPage  -     error: "https://mailblog.mail.ru/%D0%A1%D0%BB%D1%83%D0%B6%D0%B1%D0%B0-%D0%BF%D0%BE%D0%B4%D0%B4%D0%B5%D1%80%D0%B6%D0%BA%D0%B8-%D0%BF%D1%80%D0%BE%D0%B5%D0%BA%D1%82%D0%B0-%D0%9F%D0%BE%D1%87%D1%82%D0%B0/" сan not be processed.
2017-08-10 16:57:23,248 ERROR ElementOfPage  -     error: "https://yandex.ru/support/passport/support-restore.html" сan not be processed.
2017-08-10 17:00:28,083 ERROR ElementOfPage  -     error: "https://yandex.ru/support/passport/support-restore.html" сan not be processed.
2017-08-10 17:01:38,834 ERROR ElementOfPage  -     error: "http://chat-kontakt.ru/guest/kak_smenit_parol_vkontakte.php" сan not be processed.
2017-08-10 17:01:45,636 ERROR ElementOfPage  -     error: "https://github.com/VKBots/Nickel/blob/master/src/vkapi.nim" сan not be processed.
2017-08-10 17:03:22,063 ERROR ElementOfPage  -     error: "https://dublikat.one/threads/kak-pomenjat-imja-i-familiju-vk-bez-proverki-adm.36695/" сan not be processed.
2017-08-10 17:04:05,296 ERROR ElementOfPage  -     error: "http://webtrafff.ru/kak-uznat-nomer-telefona-vkontakte.html" сan not be processed.
2017-08-10 17:05:11,696 ERROR ElementOfPage  -     error: "http://vkontakte-hack.ru/skryityie-stranitsyi-vkontakte/" сan not be processed.
2017-08-10 17:05:46,383 ERROR ElementOfPage  -     error: "https://yandex.ru/support/peoplesearch/del.html" сan not be processed.
2017-08-10 17:08:20,039 ERROR ElementOfPage  -     error: "http://vksetup.ru/page/kak-udalit-sebya-iz-chernogo-spiska.html" сan not be processed.
2017-08-10 17:10:14,497 ERROR ElementOfPage  -     error: "https://buyon.ru/pages/kak-zabanit-cheloveka-v-vk/" сan not be processed.
2017-08-10 17:10:46,018 ERROR ElementOfPage  -     error: "https://m.ok.ru/video/6182995434" сan not be processed.
2017-08-10 17:11:53,780 ERROR ElementOfPage  -     error: "http://kontaktlife.ru/kak-uznat-u-kogo-ya-v-chernom-spiske" сan not be processed.
2017-08-10 17:13:31,994 ERROR ElementOfPage  -     error: "http://tehnika.mirtesen.ru/blog/43178162583" сan not be processed.
2017-08-10 17:15:08,850 ERROR ElementOfPage  -     error: "https://www.ferra.ru/ru/techlife/news/2011/08/29/updates-vk/" сan not be processed.
2017-08-10 17:15:28,476 ERROR ElementOfPage  -     error: "http://www.college-mid.ru/about_the_college/svedeniya-ob-ou/basic-information/protivodeystvie-korruptsii/vk.pdf" сan not be processed.
2017-08-10 17:16:06,840 ERROR ElementOfPage  -     error: "https://mstrok.ru/news/polzovateli-vkontakte-mogut-pozhalovatsya-na-prizyv-k-suicidu.html" сan not be processed.
2017-08-10 17:22:34,554 ERROR ElementOfPage  -     error: "https://www.gazeta.ru/tech/news/2015/12/16/n_8020271.shtml" сan not be processed.
2017-08-10 17:24:56,238 ERROR ElementOfPage  -     error: "http://mir-vkontakte.ru/kak-udalit-otpravlennoe-soobshhenie-v-vk/" сan not be processed.
2017-08-10 17:25:30,024 ERROR ElementOfPage  -     error: "http://alefdent.ru/press.php?cry=kak-udalit-soobschenie-v-vkontakte-de.php" сan not be processed.
2017-08-10 17:31:31,700 ERROR ElementOfPage  -     error: "http://vkfake.ru/photo-search" сan not be processed.
2017-08-10 17:31:39,293 ERROR ElementOfPage  -     error: "https://kudago.com/all/news/najti-cheloveka-v-vkontakte-mozhno-s-pomoshyu-foto/" сan not be processed.
2017-08-10 17:32:57,575 ERROR ElementOfPage  -     error: "https://yandex.ua/support/common/browsers-display-settings.html" сan not be processed.
2017-08-10 17:32:57,667 ERROR ElementOfPage  -     error: "https://forum.mozilla-russia.org/viewtopic.php?pid=730232" сan not be processed.
2017-08-10 17:34:36,761 ERROR ElementOfPage  -     error: "http://vkrugudruzei.ru/faq/obshchenie/gruppy/kak_udalit_sebia_iz_gruppy" сan not be processed.
2017-08-10 17:35:41,389 ERROR ElementOfPage  -     error: "http://xn----7sbbpvhbl8df8h.xn--p1ai/kak-udalit-druga-v-kontakte.html" сan not be processed.
2017-08-10 17:36:15,135 ERROR ElementOfPage  -     error: "http://searchlikes.ru/blog/kak-udalit-stranitsu-vkontakte/" сan not be processed.
2017-08-10 17:37:22,473 ERROR ElementOfPage  -     error: "https://www.patreon.com/posts/vosstanovit-vk-11962887" сan not be processed.
2017-08-10 17:38:31,553 ERROR ElementOfPage  -     error: "http://izbavsa.ru/tehnika/kak-ubrat-nenuzhnye-zakladki-vkontakte" сan not be processed.
2017-08-10 17:43:18,187 ERROR ElementOfPage  -     error: "https://m.vk.com/login" сan not be processed.
2017-08-10 17:43:49,638 ERROR ElementOfPage  -     error: "https://fotostrana.ru/public/252469/" сan not be processed.
2017-08-10 17:45:39,311 ERROR ElementOfPage  -     error: "https://sergey-ivanisov.ru/prodvijenie-gruppy-v-vkontakte.html" сan not be processed.
2017-08-10 17:49:04,447 ERROR ElementOfPage  -     error: "http://primorye24.ru/news/post/5674-vkontakte-zablokirovali-gruppu-delo-viktora-koen" сan not be processed.
2017-08-10 17:54:25,665 ERROR ElementOfPage  -     error: "http://real-vin.com/kak-obojti-blokirovku-vkontakte-i-odnoklassnikov" сan not be processed.
2017-08-10 17:54:58,652 ERROR ElementOfPage  -     error: "https://www.mipko.ru/vk" сan not be processed.
2017-08-10 17:56:19,897 ERROR ElementOfPage  -     error: "http://www.kinopoisk.ru/docs/vkontakte/" сan not be processed.
2017-08-10 17:58:41,525 ERROR ElementOfPage  -     error: "https://news.mail.ru/society/30171110/" сan not be processed.
2017-08-10 18:00:22,484 ERROR ElementOfPage  -     error: "http://elsharm.net/mainsearchengine/" сan not be processed.
2017-08-10 18:02:36,875 ERROR ElementOfPage  -     error: "https://www.mamba.ru/ru/tips/?tip=login" сan not be processed.
2017-08-10 18:16:23,823 ERROR ElementOfPage  -     error: "http://vksetup.ru/hitrosti/kak-posmotret-dni-rozhdeniya-druzej-vkontakte.html" сan not be processed.
2017-08-10 18:16:53,971 ERROR ElementOfPage  -     error: "https://bserg.ru/project/vk-exporter/" сan not be processed.
2017-08-10 18:17:24,644 ERROR ElementOfPage  -     error: "http://kak-vk.ru/vse-dni-rozhdeniya-vkontakte/" сan not be processed.
2017-08-10 18:17:59,643 ERROR ElementOfPage  -     error: "http://pashich-ssd.ru/page/napominanija-o-dnjah-rozhdenijah-druzej-vkontakte-v-iphoneipad" сan not be processed.
2017-08-10 18:19:42,711 ERROR ElementOfPage  -     error: "https://news.mail.ru/society/30171110/" сan not be processed.
2017-08-10 18:20:12,519 ERROR ElementOfPage  -     error: "http://elsharm.net/mainsearchengine/" сan not be processed.
